0 info it worked if it ends with ok
1 verbose cli [ '/Users/chrsun/.nvm/versions/node/v8.12.0/bin/node',
1 verbose cli   '/Users/chrsun/Documents/Github/paypal-muse-components/node_modules/.bin/npm',
1 verbose cli   'run',
1 verbose cli   'lint' ]
2 info using npm@3.10.10
3 info using node@v8.12.0
4 warn invalid config loglevel="notice"
5 verbose run-script [ 'prelint', 'lint', 'postlint' ]
6 info lifecycle @paypal/muse-components@1.0.25~prelint: @paypal/muse-components@1.0.25
7 silly lifecycle @paypal/muse-components@1.0.25~prelint: no script for prelint, continuing
8 info lifecycle @paypal/muse-components@1.0.25~lint: @paypal/muse-components@1.0.25
9 verbose lifecycle @paypal/muse-components@1.0.25~lint: unsafe-perm in lifecycle true
10 verbose lifecycle @paypal/muse-components@1.0.25~lint: PATH: /Users/chrsun/Documents/Github/paypal-muse-components/node_modules/npm/bin/node-gyp-bin:/Users/chrsun/Documents/Github/paypal-muse-components/node_modules/.bin:/Users/chrsun/.nvm/versions/node/v8.12.0/lib/node_modules/npm/node_modules/npm-lifecycle/node-gyp-bin:/Users/chrsun/Documents/Github/paypal-muse-components/node_modules/.bin:/Users/chrsun/.yarn/bin:/Users/chrsun/.config/yarn/global/node_modules/.bin:/Users/chrsun/.nvm/versions/node/v8.12.0/bin:/usr/local/apache-maven-3.3.9/bin:/Library/Frameworks/Python.framework/Versions/2.7/bin:/usr/local/bin:/usr/bin:/bin:/usr/sbin:/sbin:/Applications/Postgres.app/Contents/Versions/latest/bin
11 verbose lifecycle @paypal/muse-components@1.0.25~lint: CWD: /Users/chrsun/Documents/Github/paypal-muse-components
12 silly lifecycle @paypal/muse-components@1.0.25~lint: Args: [ '-c', 'eslint src/ test/ *.js --fix' ]
13 silly lifecycle @paypal/muse-components@1.0.25~lint: Returned: code: 1  signal: null
14 info lifecycle @paypal/muse-components@1.0.25~lint: Failed to exec lint script
15 verbose stack Error: @paypal/muse-components@1.0.25 lint: `eslint src/ test/ *.js --fix`
15 verbose stack Exit status 1
15 verbose stack     at EventEmitter.<anonymous> (/Users/chrsun/Documents/Github/paypal-muse-components/node_modules/npm/lib/utils/lifecycle.js:255:16)
15 verbose stack     at emitTwo (events.js:126:13)
15 verbose stack     at EventEmitter.emit (events.js:214:7)
15 verbose stack     at ChildProcess.<anonymous> (/Users/chrsun/Documents/Github/paypal-muse-components/node_modules/npm/lib/utils/spawn.js:40:14)
15 verbose stack     at emitTwo (events.js:126:13)
15 verbose stack     at ChildProcess.emit (events.js:214:7)
15 verbose stack     at maybeClose (internal/child_process.js:915:16)
15 verbose stack     at Process.ChildProcess._handle.onexit (internal/child_process.js:209:5)
16 verbose pkgid @paypal/muse-components@1.0.25
17 verbose cwd /Users/chrsun/Documents/Github/paypal-muse-components
18 error Darwin 18.0.0
19 error argv "/Users/chrsun/.nvm/versions/node/v8.12.0/bin/node" "/Users/chrsun/Documents/Github/paypal-muse-components/node_modules/.bin/npm" "run" "lint"
20 error node v8.12.0
21 error npm  v3.10.10
22 error code ELIFECYCLE
23 error @paypal/muse-components@1.0.25 lint: `eslint src/ test/ *.js --fix`
23 error Exit status 1
24 error Failed at the @paypal/muse-components@1.0.25 lint script 'eslint src/ test/ *.js --fix'.
24 error Make sure you have the latest version of node.js and npm installed.
24 error If you do, this is most likely a problem with the @paypal/muse-components package,
24 error not with npm itself.
24 error Tell the author that this fails on your system:
24 error     eslint src/ test/ *.js --fix
24 error You can get information on how to open an issue for this project with:
24 error     npm bugs @paypal/muse-components
24 error Or if that isn't available, you can get their info via:
24 error     npm owner ls @paypal/muse-components
24 error There is likely additional logging output above.
25 verbose exit [ 1, true ]
